<?xml version="1.0" encoding="UTF-8"?>
<!-- Generated by org.testng.reporters.JUnitReportReporter -->
<testsuite hostname="MSI" failures="0" tests="1" name="com.qa.TestScripts.TestCase1" time="30.389" errors="0" timestamp="30 Jun 2021 11:05:48 GMT" skipped="0">
  <testcase classname="com.qa.TestScripts.TestCase1" name="testaddressbook" time="30.389"/>
</testsuite> <!-- com.qa.TestScripts.TestCase1 -->
